<?xml version="1.0" encoding="UTF-8"?>
<!-- Generated by org.testng.reporters.JUnitReportReporter -->
<testsuite skipped="0" hostname="Haier-PC" name="twelveTest.signUpPageTest" tests="5" failures="0" timestamp="2021-10-18T10:16:37 PKT" time="41.033" errors="0">
  <testcase name="signUpTest_Invalid_2" time="9.165" classname="twelveTest.signUpPageTest"/>
  <system-out/>
  <testcase name="signUpTest_Invalid_1" time="8.610" classname="twelveTest.signUpPageTest"/>
  <system-out/>
  <testcase name="signUpTest_Invalid_3" time="10.102" classname="twelveTest.signUpPageTest"/>
  <system-out/>
  <testcase name="signUpPageTitleTest" time="6.265" classname="twelveTest.signUpPageTest"/>
  <system-out/>
  <testcase name="LogoTest" time="6.891" classname="twelveTest.signUpPageTest"/>
  <system-out/>
</testsuite> <!-- twelveTest.signUpPageTest -->
