<?xml version="1.0" encoding="UTF-8"?>
<!-- Generated by org.testng.reporters.JUnitReportReporter -->
<testsuite skipped="0" hostname="Haier-PC" name="twelveTest.SignInPageTest" tests="1" failures="0" timestamp="2021-10-17T19:48:17 PKT" time="9.085" errors="0">
  <testcase name="signInTest" time="9.085" classname="twelveTest.SignInPageTest"/>
  <system-out/>
</testsuite> <!-- twelveTest.SignInPageTest -->
