<?xml version="1.0" encoding="UTF-8"?>
<!-- Generated by org.testng.reporters.JUnitReportReporter -->
<testsuite skipped="0" hostname="Haier-PC" name="twelveTest.LandingPageTest" tests="4" failures="0" timestamp="2021-10-17T19:48:17 PKT" time="0.517" errors="0">
  <testcase name="landingPageTitleTest" time="0.010" classname="twelveTest.LandingPageTest"/>
  <system-out/>
  <testcase name="goToSignInTest" time="0.233" classname="twelveTest.LandingPageTest"/>
  <system-out/>
  <testcase name="logoTest" time="0.111" classname="twelveTest.LandingPageTest"/>
  <system-out/>
  <testcase name="goToSignUpTest" time="0.163" classname="twelveTest.LandingPageTest"/>
  <system-out/>
</testsuite> <!-- twelveTest.LandingPageTest -->
