<?xml version="1.0" encoding="UTF-8"?>
<!-- Generated by org.testng.reporters.JUnitReportReporter -->
<testsuite hostname="Haier-PC" failures="0" tests="1" name="twelveTest.SignInPageTest" time="9.661" errors="0" timestamp="2021-11-24T16:28:49 PKT" skipped="0">
  <testcase classname="twelveTest.SignInPageTest" name="signInTest" time="9.661"/>
  <system-out/>
</testsuite> <!-- twelveTest.SignInPageTest -->
