<?xml version="1.0" encoding="UTF-8"?>
<!-- Generated by org.testng.reporters.JUnitReportReporter -->
<testsuite hostname="Haier-PC" failures="0" tests="4" name="twelveTest.LandingPageTest" time="0.714" errors="0" timestamp="2021-11-24T16:28:49 PKT" skipped="0">
  <testcase classname="twelveTest.LandingPageTest" name="goToSignUpTest" time="0.219"/>
  <system-out/>
  <testcase classname="twelveTest.LandingPageTest" name="logoTest" time="0.156"/>
  <system-out/>
  <testcase classname="twelveTest.LandingPageTest" name="landingPageTitleTest" time="0.033"/>
  <system-out/>
  <testcase classname="twelveTest.LandingPageTest" name="goToSignInTest" time="0.306"/>
  <system-out/>
</testsuite> <!-- twelveTest.LandingPageTest -->
