<?xml version="1.0" encoding="UTF-8"?>
<!-- Generated by org.testng.reporters.JUnitReportReporter -->
<testsuite skipped="0" hostname="Haier-PC" name="twelveTest.signUpPageTest" tests="5" failures="0" timestamp="2021-10-17T19:48:17 PKT" time="47.403" errors="0">
  <testcase name="signUpTest_Invalid_2" time="10.971" classname="twelveTest.signUpPageTest"/>
  <system-out/>
  <testcase name="LogoTest" time="7.201" classname="twelveTest.signUpPageTest"/>
  <system-out/>
  <testcase name="signUpPageTitleTest" time="8.268" classname="twelveTest.signUpPageTest"/>
  <system-out/>
  <testcase name="signUpTest_Invalid_3" time="9.450" classname="twelveTest.signUpPageTest"/>
  <system-out/>
  <testcase name="signUpTest_Invalid_1" time="11.513" classname="twelveTest.signUpPageTest"/>
  <system-out/>
</testsuite> <!-- twelveTest.signUpPageTest -->
