<?xml version="1.0" encoding="UTF-8"?>
<!-- Generated by org.testng.reporters.JUnitReportReporter -->
<testsuite skipped="0" hostname="Haier-PC" name="twelveTest.signUpPageTest" tests="5" failures="0" timestamp="2021-10-14T13:58:09 PKT" time="124.611" errors="0">
  <testcase name="LogoTest" time="17.416" classname="twelveTest.signUpPageTest"/>
  <system-out/>
  <testcase name="signUpTest_Invalid_3" time="26.012" classname="twelveTest.signUpPageTest"/>
  <system-out/>
  <testcase name="signUpPageTitleTest" time="17.307" classname="twelveTest.signUpPageTest"/>
  <system-out/>
  <testcase name="signUpTest_Invalid_1" time="22.341" classname="twelveTest.signUpPageTest"/>
  <system-out/>
  <testcase name="signUpTest_Invalid_2" time="41.535" classname="twelveTest.signUpPageTest"/>
  <system-out/>
</testsuite> <!-- twelveTest.signUpPageTest -->
