<?xml version="1.0" encoding="UTF-8"?>
<!-- Generated by org.testng.reporters.JUnitReportReporter -->
<testsuite skipped="0" hostname="Haier-PC" name="twelveTest.LandingPageTest" tests="4" failures="0" timestamp="2021-10-18T10:16:37 PKT" time="0.533" errors="0">
  <testcase name="goToSignUpTest" time="0.202" classname="twelveTest.LandingPageTest"/>
  <system-out/>
  <testcase name="landingPageTitleTest" time="0.019" classname="twelveTest.LandingPageTest"/>
  <system-out/>
  <testcase name="goToSignInTest" time="0.198" classname="twelveTest.LandingPageTest"/>
  <system-out/>
  <testcase name="logoTest" time="0.114" classname="twelveTest.LandingPageTest"/>
  <system-out/>
</testsuite> <!-- twelveTest.LandingPageTest -->
