<?xml version="1.0" encoding="UTF-8"?>
<!-- Generated by org.testng.reporters.JUnitReportReporter -->
<testsuite skipped="0" hostname="Haier-PC" name="twelveTest.LandingPageTest" tests="4" failures="0" timestamp="2021-10-14T13:58:09 PKT" time="2.309" errors="0">
  <testcase name="landingPageTitleTest" time="0.075" classname="twelveTest.LandingPageTest"/>
  <system-out/>
  <testcase name="logoTest" time="0.302" classname="twelveTest.LandingPageTest"/>
  <system-out/>
  <testcase name="goToSignInTest" time="0.835" classname="twelveTest.LandingPageTest"/>
  <system-out/>
  <testcase name="goToSignUpTest" time="1.097" classname="twelveTest.LandingPageTest"/>
  <system-out/>
</testsuite> <!-- twelveTest.LandingPageTest -->
