<?xml version="1.0" encoding="UTF-8"?>
<!-- Generated by org.testng.reporters.JUnitReportReporter -->
<testsuite skipped="0" hostname="Haier-PC" name="twelveTest.signUpPageTest" tests="5" failures="0" timestamp="2021-10-14T14:22:05 PKT" time="72.890" errors="0">
  <testcase name="LogoTest" time="14.329" classname="twelveTest.signUpPageTest"/>
  <system-out/>
  <testcase name="signUpTest_Invalid_1" time="8.562" classname="twelveTest.signUpPageTest"/>
  <system-out/>
  <testcase name="signUpTest_Invalid_2" time="19.607" classname="twelveTest.signUpPageTest"/>
  <system-out/>
  <testcase name="signUpTest_Invalid_3" time="18.792" classname="twelveTest.signUpPageTest"/>
  <system-out/>
  <testcase name="signUpPageTitleTest" time="11.600" classname="twelveTest.signUpPageTest"/>
  <system-out/>
</testsuite> <!-- twelveTest.signUpPageTest -->
