<?xml version="1.0" encoding="UTF-8"?>
<!-- Generated by org.testng.reporters.JUnitReportReporter -->
<testsuite skipped="0" hostname="Haier-PC" name="twelveTest.LandingPageTest" tests="4" failures="0" timestamp="2021-10-14T14:22:05 PKT" time="0.825" errors="0">
  <testcase name="goToSignInTest" time="0.225" classname="twelveTest.LandingPageTest"/>
  <system-out/>
  <testcase name="landingPageTitleTest" time="0.025" classname="twelveTest.LandingPageTest"/>
  <system-out/>
  <testcase name="logoTest" time="0.287" classname="twelveTest.LandingPageTest"/>
  <system-out/>
  <testcase name="goToSignUpTest" time="0.288" classname="twelveTest.LandingPageTest"/>
  <system-out/>
</testsuite> <!-- twelveTest.LandingPageTest -->
